140512 10:29:05 [Note] Plugin 'FEDERATED' is disabled.
InnoDB: The first specified data file .\ibdata1 did not exist:
InnoDB: a new database to be created!
140512 10:29:05  InnoDB: Setting file .\ibdata1 size to 10 MB
InnoDB: Database physically writes the file full: wait...
140512 10:29:05  InnoDB: Log file .\ib_logfile0 did not exist: new to be created
InnoDB: Setting log file .\ib_logfile0 size to 5 MB
InnoDB: Database physically writes the file full: wait...
140512 10:29:06  InnoDB: Log file .\ib_logfile1 did not exist: new to be created
InnoDB: Setting log file .\ib_logfile1 size to 5 MB
InnoDB: Database physically writes the file full: wait...
InnoDB: Doublewrite buffer not found: creating new
InnoDB: Doublewrite buffer created
InnoDB: Creating foreign key constraint system tables
InnoDB: Foreign key constraint system tables created
140512 10:29:06  InnoDB: Started; log sequence number 0 0
140512 10:29:06 [Note] Event Scheduler: Loaded 0 events
140512 10:29:06 [Note] \usr\local\mysql-5.1\bin\mysqld.exe: ready for connections.
Version: '5.1.40-community'  socket: ''  port: 3306  MySQL Community Server (GPL)
140512 11:01:55 [Note] Plugin 'FEDERATED' is disabled.
InnoDB: Log scan progressed past the checkpoint lsn 0 3909721
140512 11:01:55  InnoDB: Database was not shut down normally!
InnoDB: Starting crash recovery.
InnoDB: Reading tablespace information from the .ibd files...
InnoDB: Restoring possible half-written data pages from the doublewrite
InnoDB: buffer...
InnoDB: Doing recovery: scanned up to log sequence number 0 3914706
140512 11:01:56  InnoDB: Starting an apply batch of log records to the database...
InnoDB: Progress in percents: 17 18 19 20 21 22 23 24 25 26 27 28 29 30 31 32 33 34 35 36 37 38 39 40 41 42 43 44 45 46 47 48 49 50 51 52 53 54 55 56 57 58 59 60 61 62 63 64 65 66 67 68 69 70 71 72 73 74 75 76 77 78 79 80 81 82 83 84 85 86 87 88 89 90 91 92 93 94 95 96 97 98 99 
InnoDB: Apply batch completed
140512 11:01:56  InnoDB: Started; log sequence number 0 3914706
140512 11:01:57 [Note] Event Scheduler: Loaded 0 events
140512 11:01:57 [Note] \usr\local\mysql-5.1\bin\mysqld.exe: ready for connections.
Version: '5.1.40-community'  socket: ''  port: 3306  MySQL Community Server (GPL)
140513 18:52:35 [Note] Plugin 'FEDERATED' is disabled.
InnoDB: Log scan progressed past the checkpoint lsn 0 4238198
140513 18:52:36  InnoDB: Database was not shut down normally!
InnoDB: Starting crash recovery.
InnoDB: Reading tablespace information from the .ibd files...
InnoDB: Restoring possible half-written data pages from the doublewrite
InnoDB: buffer...
InnoDB: Doing recovery: scanned up to log sequence number 0 4239061
140513 18:52:36  InnoDB: Starting an apply batch of log records to the database...
InnoDB: Progress in percents: 17 18 19 20 21 22 23 24 25 26 27 28 29 30 31 32 33 34 35 36 37 38 39 40 41 42 43 44 45 46 47 48 49 50 51 52 53 54 55 56 57 58 59 60 61 62 63 64 65 66 67 68 69 70 71 72 73 74 75 76 77 78 79 80 81 82 83 84 85 86 87 88 89 90 91 92 93 94 95 96 97 98 99 
InnoDB: Apply batch completed
140513 18:52:37  InnoDB: Started; log sequence number 0 4239061
140513 18:52:37 [Note] Event Scheduler: Loaded 0 events
140513 18:52:37 [Note] \usr\local\mysql-5.1\bin\mysqld.exe: ready for connections.
Version: '5.1.40-community'  socket: ''  port: 3306  MySQL Community Server (GPL)
140513 20:14:45 [Note] Plugin 'FEDERATED' is disabled.
InnoDB: The log sequence number in ibdata files does not match
InnoDB: the log sequence number in the ib_logfiles!
140513 20:14:45  InnoDB: Database was not shut down normally!
InnoDB: Starting crash recovery.
InnoDB: Reading tablespace information from the .ibd files...
InnoDB: Restoring possible half-written data pages from the doublewrite
InnoDB: buffer...
140513 20:14:45  InnoDB: Started; log sequence number 0 4239286
140513 20:14:45 [Note] Event Scheduler: Loaded 0 events
140513 20:14:45 [Note] \usr\local\mysql-5.1\bin\mysqld.exe: ready for connections.
Version: '5.1.40-community'  socket: ''  port: 3306  MySQL Community Server (GPL)
140518 23:13:41 [Note] Plugin 'FEDERATED' is disabled.
InnoDB: The log sequence number in ibdata files does not match
InnoDB: the log sequence number in the ib_logfiles!
140518 23:13:42  InnoDB: Database was not shut down normally!
InnoDB: Starting crash recovery.
InnoDB: Reading tablespace information from the .ibd files...
InnoDB: Restoring possible half-written data pages from the doublewrite
InnoDB: buffer...
140518 23:13:42  InnoDB: Started; log sequence number 0 4572357
140518 23:13:42 [Note] Event Scheduler: Loaded 0 events
140518 23:13:42 [Note] \usr\local\mysql-5.1\bin\mysqld.exe: ready for connections.
Version: '5.1.40-community'  socket: ''  port: 3306  MySQL Community Server (GPL)
140518 23:33:05 [Note] Plugin 'FEDERATED' is disabled.
InnoDB: The log sequence number in ibdata files does not match
InnoDB: the log sequence number in the ib_logfiles!
140518 23:33:05  InnoDB: Database was not shut down normally!
InnoDB: Starting crash recovery.
InnoDB: Reading tablespace information from the .ibd files...
InnoDB: Restoring possible half-written data pages from the doublewrite
InnoDB: buffer...
140518 23:33:05  InnoDB: Started; log sequence number 0 4655404
140518 23:33:05 [Note] Event Scheduler: Loaded 0 events
140518 23:33:06 [Note] \usr\local\mysql-5.1\bin\mysqld.exe: ready for connections.
Version: '5.1.40-community'  socket: ''  port: 3306  MySQL Community Server (GPL)
