140521 10:01:14 [Note] Plugin 'FEDERATED' is disabled.
InnoDB: The log sequence number in ibdata files does not match
InnoDB: the log sequence number in the ib_logfiles!
140521 10:01:14  InnoDB: Database was not shut down normally!
InnoDB: Starting crash recovery.
InnoDB: Reading tablespace information from the .ibd files...
InnoDB: Restoring possible half-written data pages from the doublewrite
InnoDB: buffer...
140521 10:01:15  InnoDB: Started; log sequence number 0 4917612
140521 10:01:15 [Note] Event Scheduler: Loaded 0 events
140521 10:01:15 [Note] \usr\local\mysql-5.1\bin\mysqld.exe: ready for connections.
Version: '5.1.40-community'  socket: ''  port: 3306  MySQL Community Server (GPL)
140526 11:31:21 [Note] Plugin 'FEDERATED' is disabled.
InnoDB: The log sequence number in ibdata files does not match
InnoDB: the log sequence number in the ib_logfiles!
140526 11:31:22  InnoDB: Database was not shut down normally!
InnoDB: Starting crash recovery.
InnoDB: Reading tablespace information from the .ibd files...
InnoDB: Restoring possible half-written data pages from the doublewrite
InnoDB: buffer...
140526 11:31:24  InnoDB: Started; log sequence number 0 5125405
140526 11:31:24 [Note] Event Scheduler: Loaded 0 events
140526 11:31:24 [Note] \usr\local\mysql-5.1\bin\mysqld.exe: ready for connections.
Version: '5.1.40-community'  socket: ''  port: 3306  MySQL Community Server (GPL)
140528 14:14:44 [Note] Plugin 'FEDERATED' is disabled.
InnoDB: The log sequence number in ibdata files does not match
InnoDB: the log sequence number in the ib_logfiles!
140528 14:14:45  InnoDB: Database was not shut down normally!
InnoDB: Starting crash recovery.
InnoDB: Reading tablespace information from the .ibd files...
InnoDB: Restoring possible half-written data pages from the doublewrite
InnoDB: buffer...
140528 14:14:47  InnoDB: Started; log sequence number 0 5128612
140528 14:14:48 [Note] Event Scheduler: Loaded 0 events
140528 14:14:48 [Note] \usr\local\mysql-5.1\bin\mysqld.exe: ready for connections.
Version: '5.1.40-community'  socket: ''  port: 3306  MySQL Community Server (GPL)
